2015-05-13 23:21:38.116 DEBUG   --- [           main] kr.co.bluezine.WebApplication            : -------------> Web Application Starting...
2015-05-13 23:21:39.512  INFO 5016 --- [           main] kr.co.bluezine.WebApplication            : Starting WebApplication on BLUEZINE-NOTE with PID 5016 (D:\Programming\SpringProject\spring-boot-restful-angularJS-webservice\bin started by Administrator in D:\Programming\SpringProject\spring-boot-restful-angularJS-webservice)
2015-05-13 23:21:39.513 DEBUG 5016 --- [           main] kr.co.bluezine.WebApplication            : Running with Spring Boot v1.2.3.RELEASE, Spring v4.1.6.RELEASE
2015-05-13 23:21:39.646  INFO 5016 --- [           main] ationConfigEmbeddedWebApplicationContext : Refreshing org.springframework.boot.context.embedded.AnnotationConfigEmbeddedWebApplicationContext@6bfd1a10: startup date [Wed May 13 23:21:39 KST 2015]; root of context hierarchy
2015-05-13 23:21:41.855 DEBUG 5016 --- [           main] o.m.s.mapper.ClassPathMapperScanner      : Identified candidate component class: file [D:\Programming\SpringProject\spring-boot-restful-angularJS-webservice\bin\kr\co\bluezine\mapper\UserMapper.class]
2015-05-13 23:21:41.857 DEBUG 5016 --- [           main] o.m.s.mapper.ClassPathMapperScanner      : Creating MapperFactoryBean with name 'userMapper' and 'kr.co.bluezine.mapper.UserMapper' mapperInterface
2015-05-13 23:21:41.861 DEBUG 5016 --- [           main] o.m.s.mapper.ClassPathMapperScanner      : Enabling autowire by type for MapperFactoryBean with name 'userMapper'.
2015-05-13 23:21:43.371 DEBUG 5016 --- [           main] org.jboss.logging                        : Logging Provider: org.jboss.logging.Slf4jLoggerProvider
2015-05-13 23:21:43.376  INFO 5016 --- [           main] o.h.validator.internal.util.Version      : HV000001: Hibernate Validator 5.1.3.Final
2015-05-13 23:21:43.394 DEBUG 5016 --- [           main] o.h.v.i.e.r.DefaultTraversableResolver   : Cannot find javax.persistence.Persistence on classpath. Assuming non JPA 2 environment. All properties will per default be traversable.
2015-05-13 23:21:43.426 DEBUG 5016 --- [           main] o.h.v.internal.engine.ConfigurationImpl  : Setting custom MessageInterpolator of type org.springframework.validation.beanvalidation.LocaleContextMessageInterpolator
2015-05-13 23:21:43.428 DEBUG 5016 --- [           main] o.h.v.internal.engine.ConfigurationImpl  : Setting custom ConstraintValidatorFactory of type org.springframework.validation.beanvalidation.SpringConstraintValidatorFactory
2015-05-13 23:21:43.434 DEBUG 5016 --- [           main] o.h.v.internal.engine.ConfigurationImpl  : Setting custom ParameterNameProvider of type com.sun.proxy.$Proxy26
2015-05-13 23:21:43.450 DEBUG 5016 --- [           main] o.h.v.internal.xml.ValidationXmlParser   : Trying to load META-INF/validation.xml for XML based Validator configuration.
2015-05-13 23:21:43.464 DEBUG 5016 --- [           main] o.h.v.internal.xml.ValidationXmlParser   : No META-INF/validation.xml found. Using annotation based configuration only.
2015-05-13 23:21:43.708  INFO 5016 --- [           main] trationDelegate$BeanPostProcessorChecker : Bean 'MybatisConfiguration' of type [class kr.co.bluezine.configuration.MybatisConfiguration$$EnhancerBySpringCGLIB$$7b66ab8b] is not eligible for getting processed by all BeanPostProcessors (for example: not eligible for auto-proxying)
2015-05-13 23:21:43.767 DEBUG 5016 --- [           main] k.c.b.c.MybatisConfiguration             : ---------> Set Embedded DataSource
2015-05-13 23:21:43.788  INFO 5016 --- [           main] o.s.j.d.e.EmbeddedDatabaseFactory        : Creating embedded database 'testdb'
2015-05-13 23:21:44.301  INFO 5016 --- [           main] trationDelegate$BeanPostProcessorChecker : Bean 'dataSource' of type [class org.springframework.jdbc.datasource.embedded.EmbeddedDatabaseFactory$EmbeddedDataSourceProxy] is not eligible for getting processed by all BeanPostProcessors (for example: not eligible for auto-proxying)
2015-05-13 23:21:44.304 DEBUG 5016 --- [           main] k.c.b.c.MybatisConfiguration             : ---------> Set SqlSessionFactory
2015-05-13 23:21:44.328 DEBUG 5016 --- [           main] org.apache.ibatis.logging.LogFactory     : Logging initialized using 'class org.apache.ibatis.logging.slf4j.Slf4jImpl' adapter.
2015-05-13 23:21:44.339 DEBUG 5016 --- [           main] o.mybatis.spring.SqlSessionFactoryBean   : Property 'configLocation' not specified, using default MyBatis Configuration
2015-05-13 23:21:44.468 DEBUG 5016 --- [           main] o.mybatis.spring.SqlSessionFactoryBean   : Property 'mapperLocations' was not specified or no matching resources found
2015-05-13 23:21:44.480  INFO 5016 --- [           main] trationDelegate$BeanPostProcessorChecker : Bean 'sqlSessionFactory' of type [class org.apache.ibatis.session.defaults.DefaultSqlSessionFactory] is not eligible for getting processed by all BeanPostProcessors (for example: not eligible for auto-proxying)
2015-05-13 23:21:44.541 DEBUG 5016 --- [           main] k.c.b.c.MybatisConfiguration             : ---------> Set SqlSessionTemplate
2015-05-13 23:21:44.574  INFO 5016 --- [           main] trationDelegate$BeanPostProcessorChecker : Bean 'sqlSessionTemplate' of type [class org.mybatis.spring.SqlSessionTemplate] is not eligible for getting processed by all BeanPostProcessors (for example: not eligible for auto-proxying)
2015-05-13 23:21:44.697  INFO 5016 --- [           main] trationDelegate$BeanPostProcessorChecker : Bean 'userMapper' of type [class org.mybatis.spring.mapper.MapperFactoryBean] is not eligible for getting processed by all BeanPostProcessors (for example: not eligible for auto-proxying)
2015-05-13 23:21:44.844  INFO 5016 --- [           main] trationDelegate$BeanPostProcessorChecker : Bean 'org.springframework.transaction.annotation.ProxyTransactionManagementConfiguration' of type [class org.springframework.transaction.annotation.ProxyTransactionManagementConfiguration$$EnhancerBySpringCGLIB$$72f269b8] is not eligible for getting processed by all BeanPostProcessors (for example: not eligible for auto-proxying)
2015-05-13 23:21:44.886  INFO 5016 --- [           main] trationDelegate$BeanPostProcessorChecker : Bean 'transactionAttributeSource' of type [class org.springframework.transaction.annotation.AnnotationTransactionAttributeSource] is not eligible for getting processed by all BeanPostProcessors (for example: not eligible for auto-proxying)
2015-05-13 23:21:44.906  INFO 5016 --- [           main] trationDelegate$BeanPostProcessorChecker : Bean 'transactionInterceptor' of type [class org.springframework.transaction.interceptor.TransactionInterceptor] is not eligible for getting processed by all BeanPostProcessors (for example: not eligible for auto-proxying)
2015-05-13 23:21:44.916  INFO 5016 --- [           main] trationDelegate$BeanPostProcessorChecker : Bean 'org.springframework.transaction.config.internalTransactionAdvisor' of type [class org.springframework.transaction.interceptor.BeanFactoryTransactionAttributeSourceAdvisor] is not eligible for getting processed by all BeanPostProcessors (for example: not eligible for auto-proxying)
2015-05-13 23:21:45.836  INFO 5016 --- [           main] s.b.c.e.t.TomcatEmbeddedServletContainer : Tomcat initialized with port(s): 8080 (http)
2015-05-13 23:21:46.242  INFO 5016 --- [           main] o.apache.catalina.core.StandardService   : Starting service Tomcat
2015-05-13 23:21:46.246  INFO 5016 --- [           main] org.apache.catalina.core.StandardEngine  : Starting Servlet Engine: Apache Tomcat/8.0.20
2015-05-13 23:21:47.336  INFO 5016 --- [ost-startStop-1] o.a.c.c.C.[Tomcat].[localhost].[/]       : Initializing Spring embedded WebApplicationContext
2015-05-13 23:21:47.338  INFO 5016 --- [ost-startStop-1] o.s.web.context.ContextLoader            : Root WebApplicationContext: initialization completed in 7692 ms
2015-05-13 23:21:47.842  INFO 5016 --- [ost-startStop-1] o.s.b.c.e.ServletRegistrationBean        : Mapping servlet: 'dispatcherServlet' to [/]
2015-05-13 23:21:47.850  INFO 5016 --- [ost-startStop-1] o.s.b.c.embedded.FilterRegistrationBean  : Mapping filter: 'characterEncodingFilter' to: [/*]
2015-05-13 23:21:48.222  INFO 5016 --- [           main] s.w.s.m.m.a.RequestMappingHandlerMapping : Mapped "{[/],methods=[GET],params=[],headers=[],consumes=[],produces=[],custom=[]}" onto public org.springframework.web.servlet.ModelAndView kr.co.bluezine.WebApplication.main()
2015-05-13 23:21:48.224  INFO 5016 --- [           main] s.w.s.m.m.a.RequestMappingHandlerMapping : Mapped "{[/main.do],methods=[DELETE],params=[],headers=[],consumes=[],produces=[],custom=[]}" onto public void kr.co.bluezine.RestControl.delete(kr.co.bluezine.dao.User)
2015-05-13 23:21:48.225  INFO 5016 --- [           main] s.w.s.m.m.a.RequestMappingHandlerMapping : Mapped "{[/main.do],methods=[POST],params=[],headers=[],consumes=[],produces=[],custom=[]}" onto public kr.co.bluezine.dao.User kr.co.bluezine.RestControl.insert(kr.co.bluezine.dao.User)
2015-05-13 23:21:48.225  INFO 5016 --- [           main] s.w.s.m.m.a.RequestMappingHandlerMapping : Mapped "{[/main.do],methods=[PUT],params=[],headers=[],consumes=[],produces=[],custom=[]}" onto public void kr.co.bluezine.RestControl.update(kr.co.bluezine.dao.User)
2015-05-13 23:21:48.226  INFO 5016 --- [           main] s.w.s.m.m.a.RequestMappingHandlerMapping : Mapped "{[/main.do],methods=[GET],params=[],headers=[],consumes=[],produces=[],custom=[]}" onto public java.util.List<kr.co.bluezine.dao.User> kr.co.bluezine.RestControl.getUsers()
2015-05-13 23:21:48.226  INFO 5016 --- [           main] s.w.s.m.m.a.RequestMappingHandlerMapping : Mapped "{[/main.do/{id}],methods=[GET],params=[],headers=[],consumes=[],produces=[],custom=[]}" onto public kr.co.bluezine.dao.User kr.co.bluezine.RestControl.getUSer(java.lang.String)
2015-05-13 23:21:48.239  INFO 5016 --- [           main] s.w.s.m.m.a.RequestMappingHandlerMapping : Mapped "{[/error],methods=[],params=[],headers=[],consumes=[],produces=[],custom=[]}" onto public org.springframework.http.ResponseEntity<java.util.Map<java.lang.String, java.lang.Object>> org.springframework.boot.autoconfigure.web.BasicErrorController.error(javax.servlet.http.HttpServletRequest)
2015-05-13 23:21:48.240  INFO 5016 --- [           main] s.w.s.m.m.a.RequestMappingHandlerMapping : Mapped "{[/error],methods=[],params=[],headers=[],consumes=[],produces=[text/html],custom=[]}" onto public org.springframework.web.servlet.ModelAndView org.springframework.boot.autoconfigure.web.BasicErrorController.errorHtml(javax.servlet.http.HttpServletRequest)
2015-05-13 23:21:48.299  INFO 5016 --- [           main] o.s.w.s.handler.SimpleUrlHandlerMapping  : Mapped URL path [/resources/**] onto handler of type [class org.springframework.web.servlet.resource.ResourceHttpRequestHandler]
2015-05-13 23:21:48.776 DEBUG 5016 --- [           main] o.h.v.i.e.r.DefaultTraversableResolver   : Cannot find javax.persistence.Persistence on classpath. Assuming non JPA 2 environment. All properties will per default be traversable.
2015-05-13 23:21:48.777 DEBUG 5016 --- [           main] o.h.v.internal.engine.ConfigurationImpl  : Setting custom MessageInterpolator of type org.springframework.validation.beanvalidation.LocaleContextMessageInterpolator
2015-05-13 23:21:48.777 DEBUG 5016 --- [           main] o.h.v.internal.engine.ConfigurationImpl  : Setting custom ConstraintValidatorFactory of type org.springframework.validation.beanvalidation.SpringConstraintValidatorFactory
2015-05-13 23:21:48.778 DEBUG 5016 --- [           main] o.h.v.internal.engine.ConfigurationImpl  : Setting custom ParameterNameProvider of type com.sun.proxy.$Proxy26
2015-05-13 23:21:48.779 DEBUG 5016 --- [           main] o.h.v.internal.xml.ValidationXmlParser   : Trying to load META-INF/validation.xml for XML based Validator configuration.
2015-05-13 23:21:48.780 DEBUG 5016 --- [           main] o.h.v.internal.xml.ValidationXmlParser   : No META-INF/validation.xml found. Using annotation based configuration only.
2015-05-13 23:21:48.847  INFO 5016 --- [           main] s.w.s.m.m.a.RequestMappingHandlerAdapter : Looking for @ControllerAdvice: org.springframework.boot.context.embedded.AnnotationConfigEmbeddedWebApplicationContext@6bfd1a10: startup date [Wed May 13 23:21:39 KST 2015]; root of context hierarchy
2015-05-13 23:21:49.192  INFO 5016 --- [           main] o.s.jdbc.datasource.init.ScriptUtils     : Executing SQL script from URL [file:/D:/Programming/SpringProject/spring-boot-restful-angularJS-webservice/bin/schema.sql]
2015-05-13 23:21:49.212  INFO 5016 --- [           main] o.s.jdbc.datasource.init.ScriptUtils     : Executed SQL script from URL [file:/D:/Programming/SpringProject/spring-boot-restful-angularJS-webservice/bin/schema.sql] in 20 ms.
2015-05-13 23:21:49.515  INFO 5016 --- [           main] o.s.j.e.a.AnnotationMBeanExporter        : Registering beans for JMX exposure on startup
2015-05-13 23:21:49.598  INFO 5016 --- [           main] o.a.coyote.http11.Http11NioProtocol      : Initializing ProtocolHandler ["http-nio-8080"]
2015-05-13 23:21:49.607  INFO 5016 --- [           main] o.a.coyote.http11.Http11NioProtocol      : Starting ProtocolHandler ["http-nio-8080"]
2015-05-13 23:21:49.635  INFO 5016 --- [           main] o.a.tomcat.util.net.NioSelectorPool      : Using a shared selector for servlet write/read
2015-05-13 23:21:49.687  INFO 5016 --- [           main] s.b.c.e.t.TomcatEmbeddedServletContainer : Tomcat started on port(s): 8080 (http)
2015-05-13 23:21:49.692  INFO 5016 --- [           main] kr.co.bluezine.WebApplication            : Started WebApplication in 11.099 seconds (JVM running for 13.597)
